<?xml version="1.0" encoding="UTF-8"?>
<!-- Generated by org.testng.reporters.JUnitReportReporter -->
<testsuite hostname="ShudosPc" failures="0" tests="1" name="com.testcases.DemoTest" time="0.008" errors="0" timestamp="2023-06-01T10:09:59 IST" skipped="0">
  <testcase classname="com.testcases.DemoTest" name="thisIsDemoTest" time="0.008"/>
  <system-out/>
</testsuite> <!-- com.testcases.DemoTest -->
