<?xml version="1.0" encoding="UTF-8"?>
<!-- Generated by org.testng.reporters.JUnitReportReporter -->
<testsuite hostname="ShudosPc" failures="0" tests="1" name="com.testcases.validateAPIEndPointsStudentResource" time="0.006" errors="0" timestamp="2023-06-03T11:05:07 IST" skipped="0">
  <testcase classname="com.testcases.validateAPIEndPointsStudentResource" name="validategetAllStudentRecords" time="0.006"/>
  <system-out/>
</testsuite> <!-- com.testcases.validateAPIEndPointsStudentResource -->
