<?xml version="1.0" encoding="UTF-8"?>
<!-- Generated by org.testng.reporters.JUnitReportReporter -->
<testsuite hostname="ShudosPc" failures="0" tests="1" name="com.runner.CucumberRunnerTest" time="10.805" errors="0" timestamp="2023-06-03T17:15:17 IST" skipped="0">
  <testcase classname="com.runner.CucumberRunnerTest" name="runScenario" time="10.805"/>
  <system-out/>
</testsuite> <!-- com.runner.CucumberRunnerTest -->
