<?xml version="1.0" encoding="UTF-8"?>
<!-- Generated by org.testng.reporters.JUnitReportReporter -->
<testsuite hostname="ShudosPc" failures="0" tests="2" name="com.api.tests.StudentApiTest" time="1.060" errors="0" timestamp="2023-06-03T17:15:17 IST" skipped="0">
  <testcase classname="com.api.tests.StudentApiTest" name="getStudent" time="0.031"/>
  <system-out/>
  <testcase classname="com.api.tests.StudentApiTest" name="createAndValidateAndDeleteStudent" time="1.029"/>
  <system-out/>
</testsuite> <!-- com.api.tests.StudentApiTest -->
